<?xml version="1.0" encoding="UTF-8"?>
<coverage generated="1618865962123" clover="3.2.0">
  <project timestamp="1618865962123" name="All files">
    <metrics statements="26" coveredstatements="20" conditionals="2" coveredconditionals="1" methods="8" coveredmethods="2" elements="36" coveredelements="23" complexity="0" loc="26" ncloc="26" packages="3" files="4" classes="4"/>
    <package name="Lab-01-401">
      <metrics statements="19" coveredstatements="15" conditionals="2" coveredconditionals="1" methods="5" coveredmethods="1"/>
      <file name="server.js" path="/Users/nicholascerillo/Desktop/Codefellows-Labs/401-Labs/Lab-01-401/server.js">
        <metrics statements="19" coveredstatements="15" conditionals="2" coveredconditionals="1" methods="5" coveredmethods="1"/>
        <line num="4" count="1" type="stmt"/>
        <line num="5" count="1" type="stmt"/>
        <line num="6" count="1" type="stmt"/>
        <line num="7" count="1" type="stmt"/>
        <line num="8" count="1" type="cond" truecount="1" falsecount="1"/>
        <line num="10" count="1" type="stmt"/>
        <line num="11" count="1" type="stmt"/>
        <line num="13" count="1" type="stmt"/>
        <line num="14" count="0" type="stmt"/>
        <line num="20" count="1" type="stmt"/>
        <line num="21" count="1" type="stmt"/>
        <line num="22" count="1" type="stmt"/>
        <line num="25" count="1" type="stmt"/>
        <line num="26" count="0" type="stmt"/>
        <line num="28" count="1" type="stmt"/>
        <line num="29" count="1" type="stmt"/>
        <line num="33" count="0" type="stmt"/>
        <line num="34" count="0" type="stmt"/>
        <line num="37" count="1" type="stmt"/>
      </file>
    </package>
    <package name="Lab-01-401.handlers">
      <metrics statements="4" coveredstatements="2" conditionals="0" coveredconditionals="0" methods="2" coveredmethods="0"/>
      <file name="404.js" path="/Users/nicholascerillo/Desktop/Codefellows-Labs/401-Labs/Lab-01-401/handlers/404.js">
        <metrics statements="2" coveredstatements="1" conditionals="0" coveredconditionals="0" methods="1" coveredmethods="0"/>
        <line num="6" count="1" type="stmt"/>
        <line num="7" count="0" type="stmt"/>
      </file>
      <file name="500.js" path="/Users/nicholascerillo/Desktop/Codefellows-Labs/401-Labs/Lab-01-401/handlers/500.js">
        <metrics statements="2" coveredstatements="1" conditionals="0" coveredconditionals="0" methods="1" coveredmethods="0"/>
        <line num="3" count="1" type="stmt"/>
        <line num="4" count="0" type="stmt"/>
      </file>
    </package>
    <package name="Lab-01-401.middleware">
      <metrics statements="3" coveredstatements="3" conditionals="0" coveredconditionals="0" methods="1" coveredmethods="1"/>
      <file name="stamper.js" path="/Users/nicholascerillo/Desktop/Codefellows-Labs/401-Labs/Lab-01-401/middleware/stamper.js">
        <metrics statements="3" coveredstatements="3" conditionals="0" coveredconditionals="0" methods="1" coveredmethods="1"/>
        <line num="6" count="1" type="stmt"/>
        <line num="7" count="1" type="stmt"/>
        <line num="8" count="1" type="stmt"/>
      </file>
    </package>
  </project>
</coverage>
