{"/Users/nicholascerillo/Desktop/Codefellows-Labs/401-Labs/Lab-01-401/server.js": {"path":"/Users/nicholascerillo/Desktop/Codefellows-Labs/401-Labs/Lab-01-401/server.js","statementMap":{"0":{"start":{"line":4,"column":0},"end":{"line":4,"column":27}},"1":{"start":{"line":5,"column":16},"end":{"line":5,"column":34}},"2":{"start":{"line":6,"column":12},"end":{"line":6,"column":21}},"3":{"start":{"line":7,"column":16},"end":{"line":7,"column":50}},"4":{"start":{"line":8,"column":13},"end":{"line":8,"column":37}},"5":{"start":{"line":10,"column":24},"end":{"line":10,"column":52}},"6":{"start":{"line":11,"column":15},"end":{"line":11,"column":43}},"7":{"start":{"line":13,"column":0},"end":{"line":16,"column":3}},"8":{"start":{"line":14,"column":2},"end":{"line":14,"column":35}},"9":{"start":{"line":20,"column":0},"end":{"line":23,"column":3}},"10":{"start":{"line":21,"column":15},"end":{"line":21,"column":38}},"11":{"start":{"line":22,"column":2},"end":{"line":22,"column":19}},"12":{"start":{"line":25,"column":0},"end":{"line":27,"column":3}},"13":{"start":{"line":26,"column":2},"end":{"line":26,"column":21}},"14":{"start":{"line":28,"column":0},"end":{"line":28,"column":30}},"15":{"start":{"line":29,"column":0},"end":{"line":29,"column":16}},"16":{"start":{"line":33,"column":2},"end":{"line":35,"column":5}},"17":{"start":{"line":34,"column":4},"end":{"line":34,"column":50}},"18":{"start":{"line":37,"column":0},"end":{"line":40,"column":2}}},"fnMap":{"0":{"name":"(anonymous_0)","decl":{"start":{"line":13,"column":23},"end":{"line":13,"column":24}},"loc":{"start":{"line":13,"column":37},"end":{"line":16,"column":1}},"line":13},"1":{"name":"(anonymous_1)","decl":{"start":{"line":20,"column":26},"end":{"line":20,"column":27}},"loc":{"start":{"line":20,"column":40},"end":{"line":23,"column":1}},"line":20},"2":{"name":"(anonymous_2)","decl":{"start":{"line":25,"column":25},"end":{"line":25,"column":26}},"loc":{"start":{"line":25,"column":45},"end":{"line":27,"column":1}},"line":25},"3":{"name":"start","decl":{"start":{"line":32,"column":9},"end":{"line":32,"column":14}},"loc":{"start":{"line":32,"column":21},"end":{"line":36,"column":1}},"line":32},"4":{"name":"(anonymous_4)","decl":{"start":{"line":33,"column":19},"end":{"line":33,"column":20}},"loc":{"start":{"line":33,"column":25},"end":{"line":35,"column":3}},"line":33}},"branchMap":{"0":{"loc":{"start":{"line":8,"column":13},"end":{"line":8,"column":37}},"type":"binary-expr","locations":[{"start":{"line":8,"column":13},"end":{"line":8,"column":29}},{"start":{"line":8,"column":33},"end":{"line":8,"column":37}}],"line":8}},"s":{"0":1,"1":1,"2":1,"3":1,"4":1,"5":1,"6":1,"7":1,"8":0,"9":1,"10":1,"11":1,"12":1,"13":0,"14":1,"15":1,"16":0,"17":0,"18":1},"f":{"0":0,"1":1,"2":0,"3":0,"4":0},"b":{"0":[1,0]},"_coverageSchema":"1a1c01bbd47fc00a2c39e90264f33305004495a9","hash":"49882cf7bcace8ec27a0ae7381fc3276d3671ddf"}
,"/Users/nicholascerillo/Desktop/Codefellows-Labs/401-Labs/Lab-01-401/handlers/404.js": {"path":"/Users/nicholascerillo/Desktop/Codefellows-Labs/401-Labs/Lab-01-401/handlers/404.js","statementMap":{"0":{"start":{"line":6,"column":0},"end":{"line":12,"column":2}},"1":{"start":{"line":7,"column":2},"end":{"line":11,"column":5}}},"fnMap":{"0":{"name":"(anonymous_0)","decl":{"start":{"line":6,"column":17},"end":{"line":6,"column":18}},"loc":{"start":{"line":6,"column":31},"end":{"line":12,"column":1}},"line":6}},"branchMap":{},"s":{"0":1,"1":0},"f":{"0":0},"b":{},"_coverageSchema":"1a1c01bbd47fc00a2c39e90264f33305004495a9","hash":"17b83cb2d3b2ba260786c70598dfe6ab2eb986a3"}
,"/Users/nicholascerillo/Desktop/Codefellows-Labs/401-Labs/Lab-01-401/handlers/500.js": {"path":"/Users/nicholascerillo/Desktop/Codefellows-Labs/401-Labs/Lab-01-401/handlers/500.js","statementMap":{"0":{"start":{"line":3,"column":0},"end":{"line":10,"column":2}},"1":{"start":{"line":4,"column":2},"end":{"line":9,"column":5}}},"fnMap":{"0":{"name":"(anonymous_0)","decl":{"start":{"line":3,"column":17},"end":{"line":3,"column":18}},"loc":{"start":{"line":3,"column":44},"end":{"line":10,"column":1}},"line":3}},"branchMap":{},"s":{"0":1,"1":0},"f":{"0":0},"b":{},"_coverageSchema":"1a1c01bbd47fc00a2c39e90264f33305004495a9","hash":"d01c761a8d4424133847bd56b9bcfaa8f3c4483c"}
,"/Users/nicholascerillo/Desktop/Codefellows-Labs/401-Labs/Lab-01-401/middleware/stamper.js": {"path":"/Users/nicholascerillo/Desktop/Codefellows-Labs/401-Labs/Lab-01-401/middleware/stamper.js","statementMap":{"0":{"start":{"line":6,"column":0},"end":{"line":9,"column":2}},"1":{"start":{"line":7,"column":2},"end":{"line":7,"column":29}},"2":{"start":{"line":8,"column":2},"end":{"line":8,"column":9}}},"fnMap":{"0":{"name":"(anonymous_0)","decl":{"start":{"line":6,"column":17},"end":{"line":6,"column":18}},"loc":{"start":{"line":6,"column":37},"end":{"line":9,"column":1}},"line":6}},"branchMap":{},"s":{"0":1,"1":1,"2":1},"f":{"0":1},"b":{},"_coverageSchema":"1a1c01bbd47fc00a2c39e90264f33305004495a9","hash":"8c33c72de77f180569381485dfeb68161f49f361"}
}
